2021-07-22 23:53:42,486 - root - DEBUG - Initiaizing class
2021-07-22 23:53:42,697 - git.cmd - DEBUG - Popen(['git', 'version'], cwd=C:\Users\blais\Desktop\10-Academy\Week2\ABtesting\notebooks, universal_newlines=False, shell=None, istream=None)
2021-07-22 23:53:42,788 - git.cmd - DEBUG - Popen(['git', 'version'], cwd=C:\Users\blais\Desktop\10-Academy\Week2\ABtesting\notebooks, universal_newlines=False, shell=None, istream=None)
2021-07-22 23:53:42,868 - git.util - DEBUG - Failed checking if running in CYGWIN due to: FileNotFoundError(2, 'The system cannot find the file specified', None, 2, None)
2021-07-22 23:53:42,868 - git.cmd - DEBUG - Popen(['git', 'version'], cwd=C:\Users\blais\Desktop\10-Academy\Week2\ABtesting\notebooks, universal_newlines=False, shell=None, istream=None)
2021-07-22 23:53:42,932 - git.cmd - DEBUG - Popen(['git', 'clone', '-v', '--no-single-branch', '--progress', 'https://github.com/Blvisse/ABtesting', 'C:\\Users\\blais\\AppData\\Local\\Temp\\tmpubewls0mdvc-clone'], cwd=C:\Users\blais\Desktop\10-Academy\Week2\ABtesting\notebooks, universal_newlines=True, shell=None, istream=None)
2021-07-22 23:53:47,701 - numexpr.utils - INFO - NumExpr defaulting to 4 threads.
2021-07-22 23:53:47,754 - git.cmd - DEBUG - Popen(['git', 'pull', '-v', 'origin'], cwd=C:\Users\blais\AppData\Local\Temp\tmpubewls0mdvc-clone, universal_newlines=True, shell=None, istream=None)
2021-07-22 23:54:06,126 - root - DEBUG - Initiaizing class
2021-07-22 23:54:06,668 - git.cmd - DEBUG - Popen(['git', 'pull', '-v', 'origin'], cwd=C:\Users\blais\AppData\Local\Temp\tmpubewls0mdvc-clone, universal_newlines=True, shell=None, istream=None)
2021-07-22 23:54:31,578 - root - DEBUG - Initiaizing class
2021-07-22 23:54:32,068 - git.cmd - DEBUG - Popen(['git', 'pull', '-v', 'origin'], cwd=C:\Users\blais\AppData\Local\Temp\tmpubewls0mdvc-clone, universal_newlines=True, shell=None, istream=None)
2021-07-23 00:05:51,698 - git.cmd - DEBUG - Popen(['git', 'pull', '-v', 'origin'], cwd=C:\Users\blais\AppData\Local\Temp\tmpubewls0mdvc-clone, universal_newlines=True, shell=None, istream=None)
2021-07-23 00:05:53,859 - git.cmd - DEBUG - Popen(['git', 'cat-file', '--batch-check'], cwd=C:\Users\blais\AppData\Local\Temp\tmpubewls0mdvc-clone, universal_newlines=False, shell=None, istream=<valid stream>)
2021-07-23 00:06:14,509 - git.cmd - DEBUG - Popen(['git', 'pull', '-v', 'origin'], cwd=C:\Users\blais\AppData\Local\Temp\tmpubewls0mdvc-clone, universal_newlines=True, shell=None, istream=None)
2021-07-23 00:14:01,522 - git.cmd - DEBUG - Popen(['git', 'pull', '-v', 'origin'], cwd=C:\Users\blais\AppData\Local\Temp\tmpubewls0mdvc-clone, universal_newlines=True, shell=None, istream=None)
2021-07-23 00:19:35,977 - git.cmd - DEBUG - Popen(['git', 'pull', '-v', 'origin'], cwd=C:\Users\blais\AppData\Local\Temp\tmpubewls0mdvc-clone, universal_newlines=True, shell=None, istream=None)
2021-07-23 07:04:14,091 - git.cmd - DEBUG - Popen(['git', 'pull', '-v', 'origin'], cwd=C:\Users\blais\AppData\Local\Temp\tmpubewls0mdvc-clone, universal_newlines=True, shell=None, istream=None)
2021-07-23 07:07:07,618 - git.cmd - DEBUG - Popen(['git', 'pull', '-v', 'origin'], cwd=C:\Users\blais\AppData\Local\Temp\tmpubewls0mdvc-clone, universal_newlines=True, shell=None, istream=None)
2021-07-23 07:07:09,744 - git.cmd - DEBUG - Popen(['git', 'cat-file', '--batch-check'], cwd=C:\Users\blais\AppData\Local\Temp\tmpubewls0mdvc-clone, universal_newlines=False, shell=None, istream=<valid stream>)
2021-07-23 07:08:07,763 - root - DEBUG - Initiaizing class
2021-07-23 07:08:08,727 - git.cmd - DEBUG - Popen(['git', 'pull', '-v', 'origin'], cwd=C:\Users\blais\AppData\Local\Temp\tmpubewls0mdvc-clone, universal_newlines=True, shell=None, istream=None)
2021-07-23 09:34:46,206 - git.cmd - DEBUG - Popen(['git', 'pull', '-v', 'origin'], cwd=C:\Users\blais\AppData\Local\Temp\tmpubewls0mdvc-clone, universal_newlines=True, shell=None, istream=None)
2021-07-23 09:35:30,311 - root - DEBUG - Initiaizing class
2021-07-23 09:35:31,646 - git.cmd - DEBUG - Popen(['git', 'pull', '-v', 'origin'], cwd=C:\Users\blais\AppData\Local\Temp\tmpubewls0mdvc-clone, universal_newlines=True, shell=None, istream=None)
