2021-07-21 12:51:41,611 - root - DEBUG - Initializing Class
2021-07-21 12:51:41,611 - root - INFO - Successfuly initialized class 
2021-07-21 12:51:41,612 - root - DEBUG - Reading CSV File
2021-07-21 12:51:41,634 - root - INFO - Successfully Read File
2021-07-21 12:51:41,706 - root - DEBUG - Class initialization
2021-07-21 12:51:41,727 - root - DEBUG - Calculating the missing values
2021-07-21 12:51:41,752 - numexpr.utils - INFO - NumExpr defaulting to 4 threads.
2021-07-21 12:51:41,755 - root - INFO - Creating Dataframe
2021-07-21 12:51:41,756 - root - INFO - Missing Values calculated
2021-07-21 12:51:41,770 - root - DEBUG - Launching duplicates search
2021-07-21 12:51:41,792 - root - INFO - Number of duplicates in the datset are 0 
2021-07-21 12:51:41,832 - root - DEBUG - Value counts of experiment column
2021-07-21 12:51:41,849 - root - INFO - Plotting histogram
2021-07-21 12:51:41,907 - matplotlib.font_manager - DEBUG - findfont: Matching sans\-serif:style=normal:variant=normal:weight=normal:stretch=normal:size=10.0.
2021-07-21 12:51:41,908 - matplotlib.font_manager - DEBUG - findfont: score(<Font 'STIXSizeFourSym' (STIXSizFourSymReg.ttf) normal normal regular normal>) = 10.05
2021-07-21 12:51:41,908 - matplotlib.font_manager - DEBUG - findfont: score(<Font 'STIXSizeTwoSym' (STIXSizTwoSymReg.ttf) normal normal regular normal>) = 10.05
2021-07-21 12:51:41,908 - matplotlib.font_manager - DEBUG - findfont: score(<Font 'DejaVu Serif' (DejaVuSerif-Bold.ttf) normal normal bold normal>) = 10.335
2021-07-21 12:51:41,908 - matplotlib.font_manager - DEBUG - findfont: score(<Font 'STIXSizeThreeSym' (STIXSizThreeSymReg.ttf) normal normal regular normal>) = 10.05
2021-07-21 12:51:41,908 - matplotlib.font_manager - DEBUG - findfont: score(<Font 'DejaVu Serif' (DejaVuSerif.ttf) normal normal 400 normal>) = 10.05
2021-07-21 12:51:41,909 - matplotlib.font_manager - DEBUG - findfont: score(<Font 'DejaVu Serif Display' (DejaVuSerifDisplay.ttf) normal normal 400 normal>) = 10.05
2021-07-21 12:51:41,909 - matplotlib.font_manager - DEBUG - findfont: score(<Font 'cmss10' (cmss10.ttf) normal normal 400 normal>) = 10.05
2021-07-21 12:51:41,909 - matplotlib.font_manager - DEBUG - findfont: score(<Font 'DejaVu Sans' (DejaVuSans-Bold.ttf) normal normal bold normal>) = 2.335
2021-07-21 12:51:41,909 - matplotlib.font_manager - DEBUG - findfont: score(<Font 'DejaVu Sans' (DejaVuSans-Oblique.ttf) oblique normal 400 normal>) = 3.05
2021-07-21 12:51:41,909 - matplotlib.font_manager - DEBUG - findfont: score(<Font 'cmb10' (cmb10.ttf) normal normal 400 normal>) = 10.05
2021-07-21 12:51:41,909 - matplotlib.font_manager - DEBUG - findfont: score(<Font 'STIXNonUnicode' (STIXNonUniBolIta.ttf) italic normal bold normal>) = 11.335
2021-07-21 12:51:41,909 - matplotlib.font_manager - DEBUG - findfont: score(<Font 'STIXNonUnicode' (STIXNonUniIta.ttf) italic normal 400 normal>) = 11.05
2021-07-21 12:51:41,909 - matplotlib.font_manager - DEBUG - findfont: score(<Font 'DejaVu Sans Display' (DejaVuSansDisplay.ttf) normal normal 400 normal>) = 10.05
2021-07-21 12:51:41,910 - matplotlib.font_manager - DEBUG - findfont: score(<Font 'DejaVu Sans' (DejaVuSans.ttf) normal normal 400 normal>) = 2.05
2021-07-21 12:51:41,910 - matplotlib.font_manager - DEBUG - findfont: score(<Font 'STIXNonUnicode' (STIXNonUniBol.ttf) normal normal bold normal>) = 10.335
2021-07-21 12:51:41,910 - matplotlib.font_manager - DEBUG - findfont: score(<Font 'STIXSizeFourSym' (STIXSizFourSymBol.ttf) normal normal bold normal>) = 10.335
2021-07-21 12:51:41,910 - matplotlib.font_manager - DEBUG - findfont: score(<Font 'cmsy10' (cmsy10.ttf) normal normal 400 normal>) = 10.05
2021-07-21 12:51:41,910 - matplotlib.font_manager - DEBUG - findfont: score(<Font 'STIXSizeOneSym' (STIXSizOneSymReg.ttf) normal normal regular normal>) = 10.05
2021-07-21 12:51:41,910 - matplotlib.font_manager - DEBUG - findfont: score(<Font 'cmtt10' (cmtt10.ttf) normal normal 400 normal>) = 10.05
2021-07-21 12:51:41,910 - matplotlib.font_manager - DEBUG - findfont: score(<Font 'DejaVu Sans Mono' (DejaVuSansMono-BoldOblique.ttf) oblique normal bold normal>) = 11.335
2021-07-21 12:51:41,910 - matplotlib.font_manager - DEBUG - findfont: score(<Font 'cmmi10' (cmmi10.ttf) normal normal 400 normal>) = 10.05
2021-07-21 12:51:41,910 - matplotlib.font_manager - DEBUG - findfont: score(<Font 'STIXGeneral' (STIXGeneralItalic.ttf) italic normal 400 normal>) = 11.05
2021-07-21 12:51:41,911 - matplotlib.font_manager - DEBUG - findfont: score(<Font 'DejaVu Sans Mono' (DejaVuSansMono-Bold.ttf) normal normal bold normal>) = 10.335
2021-07-21 12:51:41,911 - matplotlib.font_manager - DEBUG - findfont: score(<Font 'STIXSizeOneSym' (STIXSizOneSymBol.ttf) normal normal bold normal>) = 10.335
2021-07-21 12:51:41,911 - matplotlib.font_manager - DEBUG - findfont: score(<Font 'STIXNonUnicode' (STIXNonUni.ttf) normal normal regular normal>) = 10.05
2021-07-21 12:51:41,911 - matplotlib.font_manager - DEBUG - findfont: score(<Font 'cmr10' (cmr10.ttf) normal normal 400 normal>) = 10.05
2021-07-21 12:51:41,911 - matplotlib.font_manager - DEBUG - findfont: score(<Font 'STIXGeneral' (STIXGeneralBolIta.ttf) italic normal bold normal>) = 11.335
2021-07-21 12:51:41,911 - matplotlib.font_manager - DEBUG - findfont: score(<Font 'DejaVu Sans Mono' (DejaVuSansMono-Oblique.ttf) oblique normal 400 normal>) = 11.05
2021-07-21 12:51:41,911 - matplotlib.font_manager - DEBUG - findfont: score(<Font 'STIXSizeThreeSym' (STIXSizThreeSymBol.ttf) normal normal bold normal>) = 10.335
2021-07-21 12:51:41,911 - matplotlib.font_manager - DEBUG - findfont: score(<Font 'DejaVu Sans Mono' (DejaVuSansMono.ttf) normal normal 400 normal>) = 10.05
2021-07-21 12:51:41,911 - matplotlib.font_manager - DEBUG - findfont: score(<Font 'STIXGeneral' (STIXGeneral.ttf) normal normal regular normal>) = 10.05
2021-07-21 12:51:41,912 - matplotlib.font_manager - DEBUG - findfont: score(<Font 'cmex10' (cmex10.ttf) normal normal 400 normal>) = 10.05
2021-07-21 12:51:41,912 - matplotlib.font_manager - DEBUG - findfont: score(<Font 'DejaVu Sans' (DejaVuSans-BoldOblique.ttf) oblique normal bold normal>) = 3.335
2021-07-21 12:51:41,912 - matplotlib.font_manager - DEBUG - findfont: score(<Font 'DejaVu Serif' (DejaVuSerif-Italic.ttf) italic normal 400 normal>) = 11.05
2021-07-21 12:51:41,912 - matplotlib.font_manager - DEBUG - findfont: score(<Font 'STIXGeneral' (STIXGeneralBol.ttf) normal normal bold normal>) = 10.335
2021-07-21 12:51:41,912 - matplotlib.font_manager - DEBUG - findfont: score(<Font 'STIXSizeFiveSym' (STIXSizFiveSymReg.ttf) normal normal regular normal>) = 10.05
2021-07-21 12:51:41,912 - matplotlib.font_manager - DEBUG - findfont: score(<Font 'DejaVu Serif' (DejaVuSerif-BoldItalic.ttf) italic normal bold normal>) = 11.335
2021-07-21 12:51:41,912 - matplotlib.font_manager - DEBUG - findfont: score(<Font 'STIXSizeTwoSym' (STIXSizTwoSymBol.ttf) normal normal bold normal>) = 10.335
2021-07-21 12:51:41,912 - matplotlib.font_manager - DEBUG - findfont: score(<Font 'Tahoma' (tahoma.ttf) normal normal 400 normal>) = 10.05
2021-07-21 12:51:41,913 - matplotlib.font_manager - DEBUG - findfont: score(<Font 'Trebuchet MS' (trebucbd.ttf) normal normal bold normal>) = 10.335
2021-07-21 12:51:41,913 - matplotlib.font_manager - DEBUG - findfont: score(<Font 'Leelawadee UI' (LeelaUIb.ttf) normal normal bold normal>) = 10.335
2021-07-21 12:51:41,913 - matplotlib.font_manager - DEBUG - findfont: score(<Font 'Palatino Linotype' (palabi.ttf) italic normal bold normal>) = 11.335
2021-07-21 12:51:41,913 - matplotlib.font_manager - DEBUG - findfont: score(<Font 'Segoe UI Historic' (seguihis.ttf) normal normal 400 normal>) = 10.05
2021-07-21 12:51:41,913 - matplotlib.font_manager - DEBUG - findfont: score(<Font 'Franklin Gothic Medium' (framd.ttf) normal normal medium normal>) = 10.145
2021-07-21 12:51:41,913 - matplotlib.font_manager - DEBUG - findfont: score(<Font 'Comic Sans MS' (comici.ttf) italic normal 400 normal>) = 11.05
2021-07-21 12:51:41,913 - matplotlib.font_manager - DEBUG - findfont: score(<Font 'Palatino Linotype' (palai.ttf) italic normal 400 normal>) = 11.05
2021-07-21 12:51:41,913 - matplotlib.font_manager - DEBUG - findfont: score(<Font 'Sylfaen' (sylfaen.ttf) normal normal 400 normal>) = 10.05
2021-07-21 12:51:41,913 - matplotlib.font_manager - DEBUG - findfont: score(<Font 'Trebuchet MS' (trebuc.ttf) normal normal 400 normal>) = 10.05
2021-07-21 12:51:41,914 - matplotlib.font_manager - DEBUG - findfont: score(<Font 'Malgun Gothic' (malgunsl.ttf) normal normal light normal>) = 10.24
2021-07-21 12:51:41,914 - matplotlib.font_manager - DEBUG - findfont: score(<Font 'Gabriola' (Gabriola.ttf) normal normal 400 normal>) = 10.05
2021-07-21 12:51:41,914 - matplotlib.font_manager - DEBUG - findfont: score(<Font 'Courier New' (courbd.ttf) normal normal bold normal>) = 10.335
2021-07-21 12:51:41,914 - matplotlib.font_manager - DEBUG - findfont: score(<Font 'Constantia' (constanb.ttf) normal normal bold normal>) = 10.335
2021-07-21 12:51:41,914 - matplotlib.font_manager - DEBUG - findfont: score(<Font 'Trebuchet MS' (trebucit.ttf) italic normal 400 normal>) = 11.05
2021-07-21 12:51:41,914 - matplotlib.font_manager - DEBUG - findfont: score(<Font 'Segoe UI' (seguibli.ttf) italic normal black normal>) = 11.525
2021-07-21 12:51:41,914 - matplotlib.font_manager - DEBUG - findfont: score(<Font 'Ebrima' (ebrimabd.ttf) normal normal bold normal>) = 10.335
2021-07-21 12:51:41,914 - matplotlib.font_manager - DEBUG - findfont: score(<Font 'Verdana' (verdanab.ttf) normal normal bold normal>) = 10.335
2021-07-21 12:51:41,914 - matplotlib.font_manager - DEBUG - findfont: score(<Font 'Corbel' (corbell.ttf) normal normal light normal>) = 10.24
2021-07-21 12:51:41,915 - matplotlib.font_manager - DEBUG - findfont: score(<Font 'Corbel' (corbelb.ttf) normal normal bold normal>) = 10.335
2021-07-21 12:51:41,915 - matplotlib.font_manager - DEBUG - findfont: score(<Font 'Tahoma' (tahomabd.ttf) normal normal bold normal>) = 10.335
2021-07-21 12:51:41,915 - matplotlib.font_manager - DEBUG - findfont: score(<Font 'Times New Roman' (timesbd.ttf) normal normal roman normal>) = 10.145
2021-07-21 12:51:41,915 - matplotlib.font_manager - DEBUG - findfont: score(<Font 'Microsoft Himalaya' (himalaya.ttf) normal normal 400 normal>) = 10.05
2021-07-21 12:51:41,915 - matplotlib.font_manager - DEBUG - findfont: score(<Font 'Candara' (Candarai.ttf) italic normal 400 normal>) = 11.05
2021-07-21 12:51:41,915 - matplotlib.font_manager - DEBUG - findfont: score(<Font 'Calibri' (calibrib.ttf) normal normal bold normal>) = 10.335
2021-07-21 12:51:41,915 - matplotlib.font_manager - DEBUG - findfont: score(<Font 'Microsoft PhagsPa' (phagspab.ttf) normal normal bold normal>) = 10.335
2021-07-21 12:51:41,915 - matplotlib.font_manager - DEBUG - findfont: score(<Font 'Segoe UI' (seguili.ttf) italic normal light normal>) = 11.24
2021-07-21 12:51:41,915 - matplotlib.font_manager - DEBUG - findfont: score(<Font 'Wingdings' (wingding.ttf) normal normal 400 normal>) = 10.05
2021-07-21 12:51:41,916 - matplotlib.font_manager - DEBUG - findfont: score(<Font 'Yu Gothic' (YuGothR.ttc) normal normal regular normal>) = 10.05
2021-07-21 12:51:41,916 - matplotlib.font_manager - DEBUG - findfont: score(<Font 'Georgia' (georgiai.ttf) italic normal 400 normal>) = 11.05
2021-07-21 12:51:41,916 - matplotlib.font_manager - DEBUG - findfont: score(<Font 'MV Boli' (mvboli.ttf) normal normal 400 normal>) = 10.05
2021-07-21 12:51:41,916 - matplotlib.font_manager - DEBUG - findfont: score(<Font 'Nirmala UI' (Nirmala.ttf) normal normal 400 normal>) = 10.05
2021-07-21 12:51:41,916 - matplotlib.font_manager - DEBUG - findfont: score(<Font 'Leelawadee UI' (LeelUIsl.ttf) normal normal light normal>) = 10.24
2021-07-21 12:51:41,916 - matplotlib.font_manager - DEBUG - findfont: score(<Font 'Microsoft Tai Le' (taileb.ttf) normal normal bold normal>) = 10.335
2021-07-21 12:51:41,916 - matplotlib.font_manager - DEBUG - findfont: score(<Font 'Segoe MDL2 Assets' (segmdl2.ttf) normal normal 400 normal>) = 10.05
2021-07-21 12:51:41,916 - matplotlib.font_manager - DEBUG - findfont: score(<Font 'SimSun' (simsun.ttc) normal normal 400 normal>) = 10.05
2021-07-21 12:51:41,916 - matplotlib.font_manager - DEBUG - findfont: score(<Font 'Consolas' (consola.ttf) normal normal 400 normal>) = 10.05
2021-07-21 12:51:41,917 - matplotlib.font_manager - DEBUG - findfont: score(<Font 'Nirmala UI' (NirmalaS.ttf) normal normal light normal>) = 10.24
2021-07-21 12:51:41,917 - matplotlib.font_manager - DEBUG - findfont: score(<Font 'Palatino Linotype' (palab.ttf) normal normal bold normal>) = 10.335
2021-07-21 12:51:41,917 - matplotlib.font_manager - DEBUG - findfont: score(<Font 'Corbel' (corbeli.ttf) italic normal 400 normal>) = 11.05
2021-07-21 12:51:41,917 - matplotlib.font_manager - DEBUG - findfont: score(<Font 'Ink Free' (Inkfree.ttf) normal normal 400 normal>) = 10.05
2021-07-21 12:51:41,917 - matplotlib.font_manager - DEBUG - findfont: score(<Font 'Gadugi' (gadugib.ttf) normal normal bold normal>) = 10.335
2021-07-21 12:51:41,917 - matplotlib.font_manager - DEBUG - findfont: score(<Font 'Segoe UI' (segoeuiz.ttf) italic normal bold normal>) = 11.335
2021-07-21 12:51:41,917 - matplotlib.font_manager - DEBUG - findfont: score(<Font 'Segoe Script' (segoesc.ttf) normal normal 400 normal>) = 10.05
2021-07-21 12:51:41,917 - matplotlib.font_manager - DEBUG - findfont: score(<Font 'Segoe UI' (seguibl.ttf) normal normal black normal>) = 10.525
2021-07-21 12:51:41,917 - matplotlib.font_manager - DEBUG - findfont: score(<Font 'Constantia' (constanz.ttf) italic normal bold normal>) = 11.335
2021-07-21 12:51:41,918 - matplotlib.font_manager - DEBUG - findfont: score(<Font 'Palatino Linotype' (pala.ttf) normal normal 400 normal>) = 10.05
2021-07-21 12:51:41,918 - matplotlib.font_manager - DEBUG - findfont: score(<Font 'Myanmar Text' (mmrtextb.ttf) normal normal bold normal>) = 10.335
2021-07-21 12:51:41,918 - matplotlib.font_manager - DEBUG - findfont: score(<Font 'Yu Gothic' (YuGothB.ttc) normal normal bold normal>) = 10.335
2021-07-21 12:51:41,918 - matplotlib.font_manager - DEBUG - findfont: score(<Font 'Lucida Sans Unicode' (l_10646.ttf) normal normal 400 normal>) = 10.05
2021-07-21 12:51:41,918 - matplotlib.font_manager - DEBUG - findfont: score(<Font 'Segoe UI Symbol' (seguisym.ttf) normal normal 400 normal>) = 10.05
2021-07-21 12:51:41,918 - matplotlib.font_manager - DEBUG - findfont: score(<Font 'Calibri' (calibril.ttf) normal normal light normal>) = 10.24
2021-07-21 12:51:41,918 - matplotlib.font_manager - DEBUG - findfont: score(<Font 'Segoe UI' (seguisli.ttf) italic normal light normal>) = 11.24
2021-07-21 12:51:41,918 - matplotlib.font_manager - DEBUG - findfont: score(<Font 'Malgun Gothic' (malgunbd.ttf) normal normal bold normal>) = 10.335
2021-07-21 12:51:41,918 - matplotlib.font_manager - DEBUG - findfont: score(<Font 'Trebuchet MS' (trebucbi.ttf) italic normal bold normal>) = 11.335
2021-07-21 12:51:41,919 - matplotlib.font_manager - DEBUG - findfont: score(<Font 'Marlett' (marlett.ttf) normal normal 400 normal>) = 10.05
2021-07-21 12:51:41,919 - matplotlib.font_manager - DEBUG - findfont: score(<Font 'Courier New' (courbi.ttf) italic normal bold normal>) = 11.335
2021-07-21 12:51:41,919 - matplotlib.font_manager - DEBUG - findfont: score(<Font 'Ebrima' (ebrima.ttf) normal normal 400 normal>) = 10.05
2021-07-21 12:51:41,919 - matplotlib.font_manager - DEBUG - findfont: score(<Font 'SimSun-ExtB' (simsunb.ttf) normal normal 400 normal>) = 10.05
2021-07-21 12:51:41,919 - matplotlib.font_manager - DEBUG - findfont: score(<Font 'Calibri' (calibrii.ttf) italic normal 400 normal>) = 11.05
2021-07-21 12:51:41,919 - matplotlib.font_manager - DEBUG - findfont: score(<Font 'Microsoft YaHei' (msyh.ttc) normal normal 400 normal>) = 10.05
2021-07-21 12:51:41,919 - matplotlib.font_manager - DEBUG - findfont: score(<Font 'Segoe Print' (segoepr.ttf) normal normal 400 normal>) = 10.05
2021-07-21 12:51:41,919 - matplotlib.font_manager - DEBUG - findfont: score(<Font 'Segoe UI' (segoeuii.ttf) italic normal 400 normal>) = 11.05
2021-07-21 12:51:41,919 - matplotlib.font_manager - DEBUG - findfont: score(<Font 'Constantia' (constan.ttf) normal normal 400 normal>) = 10.05
2021-07-21 12:51:41,920 - matplotlib.font_manager - DEBUG - findfont: score(<Font 'HoloLens MDL2 Assets' (holomdl2.ttf) normal normal 400 normal>) = 10.05
2021-07-21 12:51:41,920 - matplotlib.font_manager - DEBUG - findfont: score(<Font 'Cambria' (cambria.ttc) normal normal 400 normal>) = 10.05
2021-07-21 12:51:41,920 - matplotlib.font_manager - DEBUG - findfont: score(<Font 'Yu Gothic' (YuGothL.ttc) normal normal light normal>) = 10.24
2021-07-21 12:51:41,920 - matplotlib.font_manager - DEBUG - findfont: score(<Font 'Microsoft JhengHei' (msjh.ttc) normal normal 400 normal>) = 10.05
2021-07-21 12:51:41,920 - matplotlib.font_manager - DEBUG - findfont: score(<Font 'Microsoft YaHei' (msyhbd.ttc) normal normal bold normal>) = 10.335
2021-07-21 12:51:41,920 - matplotlib.font_manager - DEBUG - findfont: score(<Font 'Sitka Small' (SitkaI.ttc) italic normal 400 normal>) = 11.05
2021-07-21 12:51:41,920 - matplotlib.font_manager - DEBUG - findfont: score(<Font 'Courier New' (couri.ttf) italic normal 400 normal>) = 11.05
2021-07-21 12:51:41,920 - matplotlib.font_manager - DEBUG - findfont: score(<Font 'Arial' (ariblk.ttf) normal normal black normal>) = 0.525
2021-07-21 12:51:41,920 - matplotlib.font_manager - DEBUG - findfont: score(<Font 'Microsoft JhengHei' (msjhbd.ttc) normal normal bold normal>) = 10.335
2021-07-21 12:51:41,921 - matplotlib.font_manager - DEBUG - findfont: score(<Font 'Arial' (arialbi.ttf) italic normal bold normal>) = 1.335
2021-07-21 12:51:41,921 - matplotlib.font_manager - DEBUG - findfont: score(<Font 'Arial' (ariali.ttf) italic normal 400 normal>) = 1.05
2021-07-21 12:51:41,921 - matplotlib.font_manager - DEBUG - findfont: score(<Font 'Segoe UI' (segoeuil.ttf) normal normal light normal>) = 10.24
2021-07-21 12:51:41,921 - matplotlib.font_manager - DEBUG - findfont: score(<Font 'MS Gothic' (msgothic.ttc) normal normal 400 normal>) = 10.05
2021-07-21 12:51:41,921 - matplotlib.font_manager - DEBUG - findfont: score(<Font 'Georgia' (georgiaz.ttf) italic normal bold normal>) = 11.335
2021-07-21 12:51:41,921 - matplotlib.font_manager - DEBUG - findfont: score(<Font 'Sitka Small' (SitkaB.ttc) normal normal bold normal>) = 10.335
2021-07-21 12:51:41,921 - matplotlib.font_manager - DEBUG - findfont: score(<Font 'Sitka Small' (SitkaZ.ttc) italic normal bold normal>) = 11.335
2021-07-21 12:51:41,921 - matplotlib.font_manager - DEBUG - findfont: score(<Font 'Javanese Text' (javatext.ttf) normal normal 400 normal>) = 10.05
2021-07-21 12:51:41,921 - matplotlib.font_manager - DEBUG - findfont: score(<Font 'Sitka Small' (Sitka.ttc) normal normal 400 normal>) = 10.05
2021-07-21 12:51:41,922 - matplotlib.font_manager - DEBUG - findfont: score(<Font 'Verdana' (verdanai.ttf) italic normal 400 normal>) = 11.05
2021-07-21 12:51:41,922 - matplotlib.font_manager - DEBUG - findfont: score(<Font 'Bahnschrift' (bahnschrift.ttf) normal normal 400 normal>) = 10.05
2021-07-21 12:51:41,922 - matplotlib.font_manager - DEBUG - findfont: score(<Font 'Leelawadee UI' (LeelawUI.ttf) normal normal 400 normal>) = 10.05
2021-07-21 12:51:41,922 - matplotlib.font_manager - DEBUG - findfont: score(<Font 'Times New Roman' (timesi.ttf) italic normal roman normal>) = 11.145
2021-07-21 12:51:41,922 - matplotlib.font_manager - DEBUG - findfont: score(<Font 'Verdana' (verdanaz.ttf) italic normal bold normal>) = 11.335
2021-07-21 12:51:41,922 - matplotlib.font_manager - DEBUG - findfont: score(<Font 'MingLiU-ExtB' (mingliub.ttc) normal normal 400 normal>) = 10.05
2021-07-21 12:51:41,922 - matplotlib.font_manager - DEBUG - findfont: score(<Font 'Symbol' (symbol.ttf) normal normal 400 normal>) = 10.05
2021-07-21 12:51:41,922 - matplotlib.font_manager - DEBUG - findfont: score(<Font 'Times New Roman' (timesbi.ttf) italic normal roman normal>) = 11.145
2021-07-21 12:51:41,922 - matplotlib.font_manager - DEBUG - findfont: score(<Font 'Microsoft New Tai Lue' (ntailu.ttf) normal normal 400 normal>) = 10.05
2021-07-21 12:51:41,923 - matplotlib.font_manager - DEBUG - findfont: score(<Font 'Consolas' (consolai.ttf) italic normal 400 normal>) = 11.05
2021-07-21 12:51:41,923 - matplotlib.font_manager - DEBUG - findfont: score(<Font 'Georgia' (georgia.ttf) normal normal 400 normal>) = 10.05
2021-07-21 12:51:41,923 - matplotlib.font_manager - DEBUG - findfont: score(<Font 'Calibri' (calibriz.ttf) italic normal bold normal>) = 11.335
2021-07-21 12:51:41,923 - matplotlib.font_manager - DEBUG - findfont: score(<Font 'Yu Gothic' (YuGothM.ttc) normal normal medium normal>) = 10.145
2021-07-21 12:51:41,923 - matplotlib.font_manager - DEBUG - findfont: score(<Font 'Malgun Gothic' (malgun.ttf) normal normal 400 normal>) = 10.05
2021-07-21 12:51:41,923 - matplotlib.font_manager - DEBUG - findfont: score(<Font 'Cambria' (cambriab.ttf) normal normal bold normal>) = 10.335
2021-07-21 12:51:41,923 - matplotlib.font_manager - DEBUG - findfont: score(<Font 'Microsoft Tai Le' (taile.ttf) normal normal 400 normal>) = 10.05
2021-07-21 12:51:41,923 - matplotlib.font_manager - DEBUG - findfont: score(<Font 'Franklin Gothic Medium' (framdit.ttf) italic normal medium normal>) = 11.145
2021-07-21 12:51:41,923 - matplotlib.font_manager - DEBUG - findfont: score(<Font 'Times New Roman' (times.ttf) normal normal roman normal>) = 10.145
2021-07-21 12:51:41,924 - matplotlib.font_manager - DEBUG - findfont: score(<Font 'Lucida Console' (lucon.ttf) normal normal 400 normal>) = 10.05
2021-07-21 12:51:41,924 - matplotlib.font_manager - DEBUG - findfont: score(<Font 'Segoe UI Emoji' (seguiemj.ttf) normal normal 400 normal>) = 10.05
2021-07-21 12:51:41,924 - matplotlib.font_manager - DEBUG - findfont: score(<Font 'Arial' (arialbd.ttf) normal normal bold normal>) = 0.33499999999999996
2021-07-21 12:51:41,924 - matplotlib.font_manager - DEBUG - findfont: score(<Font 'Calibri' (calibri.ttf) normal normal 400 normal>) = 10.05
2021-07-21 12:51:41,924 - matplotlib.font_manager - DEBUG - findfont: score(<Font 'Impact' (impact.ttf) normal normal 400 normal>) = 10.05
2021-07-21 12:51:41,925 - matplotlib.font_manager - DEBUG - findfont: score(<Font 'Corbel' (corbelz.ttf) italic normal bold normal>) = 11.335
2021-07-21 12:51:41,925 - matplotlib.font_manager - DEBUG - findfont: score(<Font 'Microsoft PhagsPa' (phagspa.ttf) normal normal 400 normal>) = 10.05
2021-07-21 12:51:41,925 - matplotlib.font_manager - DEBUG - findfont: score(<Font 'Microsoft Sans Serif' (micross.ttf) normal normal 400 normal>) = 10.05
2021-07-21 12:51:41,925 - matplotlib.font_manager - DEBUG - findfont: score(<Font 'Webdings' (webdings.ttf) normal normal 400 normal>) = 10.05
2021-07-21 12:51:41,925 - matplotlib.font_manager - DEBUG - findfont: score(<Font 'Microsoft Yi Baiti' (msyi.ttf) normal normal 400 normal>) = 10.05
2021-07-21 12:51:41,925 - matplotlib.font_manager - DEBUG - findfont: score(<Font 'Candara' (Candara.ttf) normal normal 400 normal>) = 10.05
2021-07-21 12:51:41,925 - matplotlib.font_manager - DEBUG - findfont: score(<Font 'Segoe UI' (seguisb.ttf) normal normal semibold normal>) = 10.24
2021-07-21 12:51:41,925 - matplotlib.font_manager - DEBUG - findfont: score(<Font 'Segoe Script' (segoescb.ttf) normal normal bold normal>) = 10.335
2021-07-21 12:51:41,925 - matplotlib.font_manager - DEBUG - findfont: score(<Font 'Microsoft YaHei' (msyhl.ttc) normal normal light normal>) = 10.24
2021-07-21 12:51:41,926 - matplotlib.font_manager - DEBUG - findfont: score(<Font 'Corbel' (corbel.ttf) normal normal 400 normal>) = 10.05
2021-07-21 12:51:41,926 - matplotlib.font_manager - DEBUG - findfont: score(<Font 'Mongolian Baiti' (monbaiti.ttf) normal normal 400 normal>) = 10.05
2021-07-21 12:51:41,926 - matplotlib.font_manager - DEBUG - findfont: score(<Font 'Nirmala UI' (NirmalaB.ttf) normal normal bold normal>) = 10.335
2021-07-21 12:51:41,926 - matplotlib.font_manager - DEBUG - findfont: score(<Font 'Segoe UI' (segoeuib.ttf) normal normal bold normal>) = 10.335
2021-07-21 12:51:41,926 - matplotlib.font_manager - DEBUG - findfont: score(<Font 'Constantia' (constani.ttf) italic normal 400 normal>) = 11.05
2021-07-21 12:51:41,926 - matplotlib.font_manager - DEBUG - findfont: score(<Font 'Courier New' (cour.ttf) normal normal 400 normal>) = 10.05
2021-07-21 12:51:41,926 - matplotlib.font_manager - DEBUG - findfont: score(<Font 'Cambria' (cambriaz.ttf) italic normal bold normal>) = 11.335
2021-07-21 12:51:41,926 - matplotlib.font_manager - DEBUG - findfont: score(<Font 'Verdana' (verdana.ttf) normal normal 400 normal>) = 10.05
2021-07-21 12:51:41,926 - matplotlib.font_manager - DEBUG - findfont: score(<Font 'Comic Sans MS' (comicbd.ttf) normal normal bold normal>) = 10.335
2021-07-21 12:51:41,927 - matplotlib.font_manager - DEBUG - findfont: score(<Font 'Consolas' (consolaz.ttf) italic normal bold normal>) = 11.335
2021-07-21 12:51:41,927 - matplotlib.font_manager - DEBUG - findfont: score(<Font 'Candara' (Candaral.ttf) normal normal light normal>) = 10.24
2021-07-21 12:51:41,927 - matplotlib.font_manager - DEBUG - findfont: score(<Font 'Gadugi' (gadugi.ttf) normal normal 400 normal>) = 10.05
2021-07-21 12:51:41,927 - matplotlib.font_manager - DEBUG - findfont: score(<Font 'Comic Sans MS' (comicz.ttf) italic normal bold normal>) = 11.335
2021-07-21 12:51:41,927 - matplotlib.font_manager - DEBUG - findfont: score(<Font 'Microsoft New Tai Lue' (ntailub.ttf) normal normal bold normal>) = 10.335
2021-07-21 12:51:41,927 - matplotlib.font_manager - DEBUG - findfont: score(<Font 'Georgia' (georgiab.ttf) normal normal bold normal>) = 10.335
2021-07-21 12:51:41,927 - matplotlib.font_manager - DEBUG - findfont: score(<Font 'Candara' (Candaraz.ttf) italic normal bold normal>) = 11.335
2021-07-21 12:51:41,927 - matplotlib.font_manager - DEBUG - findfont: score(<Font 'Segoe UI' (seguisbi.ttf) italic normal semibold normal>) = 11.24
2021-07-21 12:51:41,928 - matplotlib.font_manager - DEBUG - findfont: score(<Font 'Candara' (Candarab.ttf) normal normal bold normal>) = 10.335
2021-07-21 12:51:41,928 - matplotlib.font_manager - DEBUG - findfont: score(<Font 'Segoe Print' (segoeprb.ttf) normal normal bold normal>) = 10.335
2021-07-21 12:51:41,928 - matplotlib.font_manager - DEBUG - findfont: score(<Font 'Calibri' (calibrili.ttf) italic normal light normal>) = 11.24
2021-07-21 12:51:41,928 - matplotlib.font_manager - DEBUG - findfont: score(<Font 'Segoe UI' (segoeuisl.ttf) normal normal light normal>) = 10.24
2021-07-21 12:51:41,928 - matplotlib.font_manager - DEBUG - findfont: score(<Font 'Myanmar Text' (mmrtext.ttf) normal normal 400 normal>) = 10.05
2021-07-21 12:51:41,928 - matplotlib.font_manager - DEBUG - findfont: score(<Font 'Segoe UI' (segoeui.ttf) normal normal 400 normal>) = 10.05
2021-07-21 12:51:41,928 - matplotlib.font_manager - DEBUG - findfont: score(<Font 'Cambria' (cambriai.ttf) italic normal 400 normal>) = 11.05
2021-07-21 12:51:41,928 - matplotlib.font_manager - DEBUG - findfont: score(<Font 'Comic Sans MS' (comic.ttf) normal normal 400 normal>) = 10.05
2021-07-21 12:51:41,929 - matplotlib.font_manager - DEBUG - findfont: score(<Font 'Consolas' (consolab.ttf) normal normal bold normal>) = 10.335
2021-07-21 12:51:41,929 - matplotlib.font_manager - DEBUG - findfont: score(<Font 'Arial' (arial.ttf) normal normal 400 normal>) = 0.05
2021-07-21 12:51:41,929 - matplotlib.font_manager - DEBUG - findfont: score(<Font 'Corbel' (corbelli.ttf) italic normal light normal>) = 11.24
2021-07-21 12:51:41,929 - matplotlib.font_manager - DEBUG - findfont: score(<Font 'Microsoft JhengHei' (msjhl.ttc) normal normal light normal>) = 10.24
2021-07-21 12:51:41,929 - matplotlib.font_manager - DEBUG - findfont: score(<Font 'Candara' (Candarali.ttf) italic normal light normal>) = 11.24
2021-07-21 12:51:41,929 - matplotlib.font_manager - DEBUG - findfont: Matching sans\-serif:style=normal:variant=normal:weight=normal:stretch=normal:size=10.0 to Arial ('C:\\WINDOWS\\Fonts\\arial.ttf') with score of 0.050000.
2021-07-21 12:51:41,934 - matplotlib.font_manager - DEBUG - findfont: Matching sans\-serif:style=normal:variant=normal:weight=normal:stretch=normal:size=12.0.
2021-07-21 12:51:41,934 - matplotlib.font_manager - DEBUG - findfont: score(<Font 'STIXSizeFourSym' (STIXSizFourSymReg.ttf) normal normal regular normal>) = 10.05
2021-07-21 12:51:41,934 - matplotlib.font_manager - DEBUG - findfont: score(<Font 'STIXSizeTwoSym' (STIXSizTwoSymReg.ttf) normal normal regular normal>) = 10.05
2021-07-21 12:51:41,934 - matplotlib.font_manager - DEBUG - findfont: score(<Font 'DejaVu Serif' (DejaVuSerif-Bold.ttf) normal normal bold normal>) = 10.335
2021-07-21 12:51:41,934 - matplotlib.font_manager - DEBUG - findfont: score(<Font 'STIXSizeThreeSym' (STIXSizThreeSymReg.ttf) normal normal regular normal>) = 10.05
2021-07-21 12:51:41,935 - matplotlib.font_manager - DEBUG - findfont: score(<Font 'DejaVu Serif' (DejaVuSerif.ttf) normal normal 400 normal>) = 10.05
2021-07-21 12:51:41,935 - matplotlib.font_manager - DEBUG - findfont: score(<Font 'DejaVu Serif Display' (DejaVuSerifDisplay.ttf) normal normal 400 normal>) = 10.05
2021-07-21 12:51:41,935 - matplotlib.font_manager - DEBUG - findfont: score(<Font 'cmss10' (cmss10.ttf) normal normal 400 normal>) = 10.05
2021-07-21 12:51:41,935 - matplotlib.font_manager - DEBUG - findfont: score(<Font 'DejaVu Sans' (DejaVuSans-Bold.ttf) normal normal bold normal>) = 2.335
2021-07-21 12:51:41,935 - matplotlib.font_manager - DEBUG - findfont: score(<Font 'DejaVu Sans' (DejaVuSans-Oblique.ttf) oblique normal 400 normal>) = 3.05
2021-07-21 12:51:41,935 - matplotlib.font_manager - DEBUG - findfont: score(<Font 'cmb10' (cmb10.ttf) normal normal 400 normal>) = 10.05
2021-07-21 12:51:41,935 - matplotlib.font_manager - DEBUG - findfont: score(<Font 'STIXNonUnicode' (STIXNonUniBolIta.ttf) italic normal bold normal>) = 11.335
2021-07-21 12:51:41,936 - matplotlib.font_manager - DEBUG - findfont: score(<Font 'STIXNonUnicode' (STIXNonUniIta.ttf) italic normal 400 normal>) = 11.05
2021-07-21 12:51:41,936 - matplotlib.font_manager - DEBUG - findfont: score(<Font 'DejaVu Sans Display' (DejaVuSansDisplay.ttf) normal normal 400 normal>) = 10.05
2021-07-21 12:51:41,936 - matplotlib.font_manager - DEBUG - findfont: score(<Font 'DejaVu Sans' (DejaVuSans.ttf) normal normal 400 normal>) = 2.05
2021-07-21 12:51:41,936 - matplotlib.font_manager - DEBUG - findfont: score(<Font 'STIXNonUnicode' (STIXNonUniBol.ttf) normal normal bold normal>) = 10.335
2021-07-21 12:51:41,936 - matplotlib.font_manager - DEBUG - findfont: score(<Font 'STIXSizeFourSym' (STIXSizFourSymBol.ttf) normal normal bold normal>) = 10.335
2021-07-21 12:51:41,936 - matplotlib.font_manager - DEBUG - findfont: score(<Font 'cmsy10' (cmsy10.ttf) normal normal 400 normal>) = 10.05
2021-07-21 12:51:41,936 - matplotlib.font_manager - DEBUG - findfont: score(<Font 'STIXSizeOneSym' (STIXSizOneSymReg.ttf) normal normal regular normal>) = 10.05
2021-07-21 12:51:41,936 - matplotlib.font_manager - DEBUG - findfont: score(<Font 'cmtt10' (cmtt10.ttf) normal normal 400 normal>) = 10.05
2021-07-21 12:51:41,936 - matplotlib.font_manager - DEBUG - findfont: score(<Font 'DejaVu Sans Mono' (DejaVuSansMono-BoldOblique.ttf) oblique normal bold normal>) = 11.335
2021-07-21 12:51:41,937 - matplotlib.font_manager - DEBUG - findfont: score(<Font 'cmmi10' (cmmi10.ttf) normal normal 400 normal>) = 10.05
2021-07-21 12:51:41,937 - matplotlib.font_manager - DEBUG - findfont: score(<Font 'STIXGeneral' (STIXGeneralItalic.ttf) italic normal 400 normal>) = 11.05
2021-07-21 12:51:41,937 - matplotlib.font_manager - DEBUG - findfont: score(<Font 'DejaVu Sans Mono' (DejaVuSansMono-Bold.ttf) normal normal bold normal>) = 10.335
2021-07-21 12:51:41,937 - matplotlib.font_manager - DEBUG - findfont: score(<Font 'STIXSizeOneSym' (STIXSizOneSymBol.ttf) normal normal bold normal>) = 10.335
2021-07-21 12:51:41,937 - matplotlib.font_manager - DEBUG - findfont: score(<Font 'STIXNonUnicode' (STIXNonUni.ttf) normal normal regular normal>) = 10.05
2021-07-21 12:51:41,937 - matplotlib.font_manager - DEBUG - findfont: score(<Font 'cmr10' (cmr10.ttf) normal normal 400 normal>) = 10.05
2021-07-21 12:51:41,937 - matplotlib.font_manager - DEBUG - findfont: score(<Font 'STIXGeneral' (STIXGeneralBolIta.ttf) italic normal bold normal>) = 11.335
2021-07-21 12:51:41,937 - matplotlib.font_manager - DEBUG - findfont: score(<Font 'DejaVu Sans Mono' (DejaVuSansMono-Oblique.ttf) oblique normal 400 normal>) = 11.05
2021-07-21 12:51:41,937 - matplotlib.font_manager - DEBUG - findfont: score(<Font 'STIXSizeThreeSym' (STIXSizThreeSymBol.ttf) normal normal bold normal>) = 10.335
2021-07-21 12:51:41,938 - matplotlib.font_manager - DEBUG - findfont: score(<Font 'DejaVu Sans Mono' (DejaVuSansMono.ttf) normal normal 400 normal>) = 10.05
2021-07-21 12:51:41,938 - matplotlib.font_manager - DEBUG - findfont: score(<Font 'STIXGeneral' (STIXGeneral.ttf) normal normal regular normal>) = 10.05
2021-07-21 12:51:41,938 - matplotlib.font_manager - DEBUG - findfont: score(<Font 'cmex10' (cmex10.ttf) normal normal 400 normal>) = 10.05
2021-07-21 12:51:41,938 - matplotlib.font_manager - DEBUG - findfont: score(<Font 'DejaVu Sans' (DejaVuSans-BoldOblique.ttf) oblique normal bold normal>) = 3.335
2021-07-21 12:51:41,938 - matplotlib.font_manager - DEBUG - findfont: score(<Font 'DejaVu Serif' (DejaVuSerif-Italic.ttf) italic normal 400 normal>) = 11.05
2021-07-21 12:51:41,938 - matplotlib.font_manager - DEBUG - findfont: score(<Font 'STIXGeneral' (STIXGeneralBol.ttf) normal normal bold normal>) = 10.335
2021-07-21 12:51:41,938 - matplotlib.font_manager - DEBUG - findfont: score(<Font 'STIXSizeFiveSym' (STIXSizFiveSymReg.ttf) normal normal regular normal>) = 10.05
2021-07-21 12:51:41,938 - matplotlib.font_manager - DEBUG - findfont: score(<Font 'DejaVu Serif' (DejaVuSerif-BoldItalic.ttf) italic normal bold normal>) = 11.335
2021-07-21 12:51:41,939 - matplotlib.font_manager - DEBUG - findfont: score(<Font 'STIXSizeTwoSym' (STIXSizTwoSymBol.ttf) normal normal bold normal>) = 10.335
2021-07-21 12:51:41,939 - matplotlib.font_manager - DEBUG - findfont: score(<Font 'Tahoma' (tahoma.ttf) normal normal 400 normal>) = 10.05
2021-07-21 12:51:41,939 - matplotlib.font_manager - DEBUG - findfont: score(<Font 'Trebuchet MS' (trebucbd.ttf) normal normal bold normal>) = 10.335
2021-07-21 12:51:41,939 - matplotlib.font_manager - DEBUG - findfont: score(<Font 'Leelawadee UI' (LeelaUIb.ttf) normal normal bold normal>) = 10.335
2021-07-21 12:51:41,939 - matplotlib.font_manager - DEBUG - findfont: score(<Font 'Palatino Linotype' (palabi.ttf) italic normal bold normal>) = 11.335
2021-07-21 12:51:41,939 - matplotlib.font_manager - DEBUG - findfont: score(<Font 'Segoe UI Historic' (seguihis.ttf) normal normal 400 normal>) = 10.05
2021-07-21 12:51:41,939 - matplotlib.font_manager - DEBUG - findfont: score(<Font 'Franklin Gothic Medium' (framd.ttf) normal normal medium normal>) = 10.145
2021-07-21 12:51:41,939 - matplotlib.font_manager - DEBUG - findfont: score(<Font 'Comic Sans MS' (comici.ttf) italic normal 400 normal>) = 11.05
2021-07-21 12:51:41,939 - matplotlib.font_manager - DEBUG - findfont: score(<Font 'Palatino Linotype' (palai.ttf) italic normal 400 normal>) = 11.05
2021-07-21 12:51:41,940 - matplotlib.font_manager - DEBUG - findfont: score(<Font 'Sylfaen' (sylfaen.ttf) normal normal 400 normal>) = 10.05
2021-07-21 12:51:41,940 - matplotlib.font_manager - DEBUG - findfont: score(<Font 'Trebuchet MS' (trebuc.ttf) normal normal 400 normal>) = 10.05
2021-07-21 12:51:41,940 - matplotlib.font_manager - DEBUG - findfont: score(<Font 'Malgun Gothic' (malgunsl.ttf) normal normal light normal>) = 10.24
2021-07-21 12:51:41,940 - matplotlib.font_manager - DEBUG - findfont: score(<Font 'Gabriola' (Gabriola.ttf) normal normal 400 normal>) = 10.05
2021-07-21 12:51:41,940 - matplotlib.font_manager - DEBUG - findfont: score(<Font 'Courier New' (courbd.ttf) normal normal bold normal>) = 10.335
2021-07-21 12:51:41,940 - matplotlib.font_manager - DEBUG - findfont: score(<Font 'Constantia' (constanb.ttf) normal normal bold normal>) = 10.335
2021-07-21 12:51:41,940 - matplotlib.font_manager - DEBUG - findfont: score(<Font 'Trebuchet MS' (trebucit.ttf) italic normal 400 normal>) = 11.05
2021-07-21 12:51:41,941 - matplotlib.font_manager - DEBUG - findfont: score(<Font 'Segoe UI' (seguibli.ttf) italic normal black normal>) = 11.525
2021-07-21 12:51:41,941 - matplotlib.font_manager - DEBUG - findfont: score(<Font 'Ebrima' (ebrimabd.ttf) normal normal bold normal>) = 10.335
2021-07-21 12:51:41,941 - matplotlib.font_manager - DEBUG - findfont: score(<Font 'Verdana' (verdanab.ttf) normal normal bold normal>) = 10.335
2021-07-21 12:51:41,941 - matplotlib.font_manager - DEBUG - findfont: score(<Font 'Corbel' (corbell.ttf) normal normal light normal>) = 10.24
2021-07-21 12:51:41,941 - matplotlib.font_manager - DEBUG - findfont: score(<Font 'Corbel' (corbelb.ttf) normal normal bold normal>) = 10.335
2021-07-21 12:51:41,941 - matplotlib.font_manager - DEBUG - findfont: score(<Font 'Tahoma' (tahomabd.ttf) normal normal bold normal>) = 10.335
2021-07-21 12:51:41,941 - matplotlib.font_manager - DEBUG - findfont: score(<Font 'Times New Roman' (timesbd.ttf) normal normal roman normal>) = 10.145
2021-07-21 12:51:41,941 - matplotlib.font_manager - DEBUG - findfont: score(<Font 'Microsoft Himalaya' (himalaya.ttf) normal normal 400 normal>) = 10.05
2021-07-21 12:51:41,942 - matplotlib.font_manager - DEBUG - findfont: score(<Font 'Candara' (Candarai.ttf) italic normal 400 normal>) = 11.05
2021-07-21 12:51:41,942 - matplotlib.font_manager - DEBUG - findfont: score(<Font 'Calibri' (calibrib.ttf) normal normal bold normal>) = 10.335
2021-07-21 12:51:41,942 - matplotlib.font_manager - DEBUG - findfont: score(<Font 'Microsoft PhagsPa' (phagspab.ttf) normal normal bold normal>) = 10.335
2021-07-21 12:51:41,942 - matplotlib.font_manager - DEBUG - findfont: score(<Font 'Segoe UI' (seguili.ttf) italic normal light normal>) = 11.24
2021-07-21 12:51:41,942 - matplotlib.font_manager - DEBUG - findfont: score(<Font 'Wingdings' (wingding.ttf) normal normal 400 normal>) = 10.05
2021-07-21 12:51:41,942 - matplotlib.font_manager - DEBUG - findfont: score(<Font 'Yu Gothic' (YuGothR.ttc) normal normal regular normal>) = 10.05
2021-07-21 12:51:41,942 - matplotlib.font_manager - DEBUG - findfont: score(<Font 'Georgia' (georgiai.ttf) italic normal 400 normal>) = 11.05
2021-07-21 12:51:41,942 - matplotlib.font_manager - DEBUG - findfont: score(<Font 'MV Boli' (mvboli.ttf) normal normal 400 normal>) = 10.05
2021-07-21 12:51:41,943 - matplotlib.font_manager - DEBUG - findfont: score(<Font 'Nirmala UI' (Nirmala.ttf) normal normal 400 normal>) = 10.05
2021-07-21 12:51:41,943 - matplotlib.font_manager - DEBUG - findfont: score(<Font 'Leelawadee UI' (LeelUIsl.ttf) normal normal light normal>) = 10.24
2021-07-21 12:51:41,943 - matplotlib.font_manager - DEBUG - findfont: score(<Font 'Microsoft Tai Le' (taileb.ttf) normal normal bold normal>) = 10.335
2021-07-21 12:51:41,943 - matplotlib.font_manager - DEBUG - findfont: score(<Font 'Segoe MDL2 Assets' (segmdl2.ttf) normal normal 400 normal>) = 10.05
2021-07-21 12:51:41,943 - matplotlib.font_manager - DEBUG - findfont: score(<Font 'SimSun' (simsun.ttc) normal normal 400 normal>) = 10.05
2021-07-21 12:51:41,943 - matplotlib.font_manager - DEBUG - findfont: score(<Font 'Consolas' (consola.ttf) normal normal 400 normal>) = 10.05
2021-07-21 12:51:41,943 - matplotlib.font_manager - DEBUG - findfont: score(<Font 'Nirmala UI' (NirmalaS.ttf) normal normal light normal>) = 10.24
2021-07-21 12:51:41,943 - matplotlib.font_manager - DEBUG - findfont: score(<Font 'Palatino Linotype' (palab.ttf) normal normal bold normal>) = 10.335
2021-07-21 12:51:41,943 - matplotlib.font_manager - DEBUG - findfont: score(<Font 'Corbel' (corbeli.ttf) italic normal 400 normal>) = 11.05
2021-07-21 12:51:41,944 - matplotlib.font_manager - DEBUG - findfont: score(<Font 'Ink Free' (Inkfree.ttf) normal normal 400 normal>) = 10.05
2021-07-21 12:51:41,944 - matplotlib.font_manager - DEBUG - findfont: score(<Font 'Gadugi' (gadugib.ttf) normal normal bold normal>) = 10.335
2021-07-21 12:51:41,944 - matplotlib.font_manager - DEBUG - findfont: score(<Font 'Segoe UI' (segoeuiz.ttf) italic normal bold normal>) = 11.335
2021-07-21 12:51:41,944 - matplotlib.font_manager - DEBUG - findfont: score(<Font 'Segoe Script' (segoesc.ttf) normal normal 400 normal>) = 10.05
2021-07-21 12:51:41,944 - matplotlib.font_manager - DEBUG - findfont: score(<Font 'Segoe UI' (seguibl.ttf) normal normal black normal>) = 10.525
2021-07-21 12:51:41,944 - matplotlib.font_manager - DEBUG - findfont: score(<Font 'Constantia' (constanz.ttf) italic normal bold normal>) = 11.335
2021-07-21 12:51:41,944 - matplotlib.font_manager - DEBUG - findfont: score(<Font 'Palatino Linotype' (pala.ttf) normal normal 400 normal>) = 10.05
2021-07-21 12:51:41,944 - matplotlib.font_manager - DEBUG - findfont: score(<Font 'Myanmar Text' (mmrtextb.ttf) normal normal bold normal>) = 10.335
2021-07-21 12:51:41,945 - matplotlib.font_manager - DEBUG - findfont: score(<Font 'Yu Gothic' (YuGothB.ttc) normal normal bold normal>) = 10.335
2021-07-21 12:51:41,945 - matplotlib.font_manager - DEBUG - findfont: score(<Font 'Lucida Sans Unicode' (l_10646.ttf) normal normal 400 normal>) = 10.05
2021-07-21 12:51:41,945 - matplotlib.font_manager - DEBUG - findfont: score(<Font 'Segoe UI Symbol' (seguisym.ttf) normal normal 400 normal>) = 10.05
2021-07-21 12:51:41,945 - matplotlib.font_manager - DEBUG - findfont: score(<Font 'Calibri' (calibril.ttf) normal normal light normal>) = 10.24
2021-07-21 12:51:41,945 - matplotlib.font_manager - DEBUG - findfont: score(<Font 'Segoe UI' (seguisli.ttf) italic normal light normal>) = 11.24
2021-07-21 12:51:41,945 - matplotlib.font_manager - DEBUG - findfont: score(<Font 'Malgun Gothic' (malgunbd.ttf) normal normal bold normal>) = 10.335
2021-07-21 12:51:41,945 - matplotlib.font_manager - DEBUG - findfont: score(<Font 'Trebuchet MS' (trebucbi.ttf) italic normal bold normal>) = 11.335
2021-07-21 12:51:41,945 - matplotlib.font_manager - DEBUG - findfont: score(<Font 'Marlett' (marlett.ttf) normal normal 400 normal>) = 10.05
2021-07-21 12:51:41,945 - matplotlib.font_manager - DEBUG - findfont: score(<Font 'Courier New' (courbi.ttf) italic normal bold normal>) = 11.335
2021-07-21 12:51:41,946 - matplotlib.font_manager - DEBUG - findfont: score(<Font 'Ebrima' (ebrima.ttf) normal normal 400 normal>) = 10.05
2021-07-21 12:51:41,946 - matplotlib.font_manager - DEBUG - findfont: score(<Font 'SimSun-ExtB' (simsunb.ttf) normal normal 400 normal>) = 10.05
2021-07-21 12:51:41,946 - matplotlib.font_manager - DEBUG - findfont: score(<Font 'Calibri' (calibrii.ttf) italic normal 400 normal>) = 11.05
2021-07-21 12:51:41,946 - matplotlib.font_manager - DEBUG - findfont: score(<Font 'Microsoft YaHei' (msyh.ttc) normal normal 400 normal>) = 10.05
2021-07-21 12:51:41,946 - matplotlib.font_manager - DEBUG - findfont: score(<Font 'Segoe Print' (segoepr.ttf) normal normal 400 normal>) = 10.05
2021-07-21 12:51:41,946 - matplotlib.font_manager - DEBUG - findfont: score(<Font 'Segoe UI' (segoeuii.ttf) italic normal 400 normal>) = 11.05
2021-07-21 12:51:41,946 - matplotlib.font_manager - DEBUG - findfont: score(<Font 'Constantia' (constan.ttf) normal normal 400 normal>) = 10.05
2021-07-21 12:51:41,946 - matplotlib.font_manager - DEBUG - findfont: score(<Font 'HoloLens MDL2 Assets' (holomdl2.ttf) normal normal 400 normal>) = 10.05
2021-07-21 12:51:41,946 - matplotlib.font_manager - DEBUG - findfont: score(<Font 'Cambria' (cambria.ttc) normal normal 400 normal>) = 10.05
2021-07-21 12:51:41,947 - matplotlib.font_manager - DEBUG - findfont: score(<Font 'Yu Gothic' (YuGothL.ttc) normal normal light normal>) = 10.24
2021-07-21 12:51:41,947 - matplotlib.font_manager - DEBUG - findfont: score(<Font 'Microsoft JhengHei' (msjh.ttc) normal normal 400 normal>) = 10.05
2021-07-21 12:51:41,947 - matplotlib.font_manager - DEBUG - findfont: score(<Font 'Microsoft YaHei' (msyhbd.ttc) normal normal bold normal>) = 10.335
2021-07-21 12:51:41,947 - matplotlib.font_manager - DEBUG - findfont: score(<Font 'Sitka Small' (SitkaI.ttc) italic normal 400 normal>) = 11.05
2021-07-21 12:51:41,947 - matplotlib.font_manager - DEBUG - findfont: score(<Font 'Courier New' (couri.ttf) italic normal 400 normal>) = 11.05
2021-07-21 12:51:41,947 - matplotlib.font_manager - DEBUG - findfont: score(<Font 'Arial' (ariblk.ttf) normal normal black normal>) = 0.525
2021-07-21 12:51:41,947 - matplotlib.font_manager - DEBUG - findfont: score(<Font 'Microsoft JhengHei' (msjhbd.ttc) normal normal bold normal>) = 10.335
2021-07-21 12:51:41,947 - matplotlib.font_manager - DEBUG - findfont: score(<Font 'Arial' (arialbi.ttf) italic normal bold normal>) = 1.335
2021-07-21 12:51:41,948 - matplotlib.font_manager - DEBUG - findfont: score(<Font 'Arial' (ariali.ttf) italic normal 400 normal>) = 1.05
2021-07-21 12:51:41,948 - matplotlib.font_manager - DEBUG - findfont: score(<Font 'Segoe UI' (segoeuil.ttf) normal normal light normal>) = 10.24
2021-07-21 12:51:41,948 - matplotlib.font_manager - DEBUG - findfont: score(<Font 'MS Gothic' (msgothic.ttc) normal normal 400 normal>) = 10.05
2021-07-21 12:51:41,948 - matplotlib.font_manager - DEBUG - findfont: score(<Font 'Georgia' (georgiaz.ttf) italic normal bold normal>) = 11.335
2021-07-21 12:51:41,948 - matplotlib.font_manager - DEBUG - findfont: score(<Font 'Sitka Small' (SitkaB.ttc) normal normal bold normal>) = 10.335
2021-07-21 12:51:41,948 - matplotlib.font_manager - DEBUG - findfont: score(<Font 'Sitka Small' (SitkaZ.ttc) italic normal bold normal>) = 11.335
2021-07-21 12:51:41,948 - matplotlib.font_manager - DEBUG - findfont: score(<Font 'Javanese Text' (javatext.ttf) normal normal 400 normal>) = 10.05
2021-07-21 12:51:41,948 - matplotlib.font_manager - DEBUG - findfont: score(<Font 'Sitka Small' (Sitka.ttc) normal normal 400 normal>) = 10.05
2021-07-21 12:51:41,949 - matplotlib.font_manager - DEBUG - findfont: score(<Font 'Verdana' (verdanai.ttf) italic normal 400 normal>) = 11.05
2021-07-21 12:51:41,949 - matplotlib.font_manager - DEBUG - findfont: score(<Font 'Bahnschrift' (bahnschrift.ttf) normal normal 400 normal>) = 10.05
2021-07-21 12:51:41,949 - matplotlib.font_manager - DEBUG - findfont: score(<Font 'Leelawadee UI' (LeelawUI.ttf) normal normal 400 normal>) = 10.05
2021-07-21 12:51:41,949 - matplotlib.font_manager - DEBUG - findfont: score(<Font 'Times New Roman' (timesi.ttf) italic normal roman normal>) = 11.145
2021-07-21 12:51:41,949 - matplotlib.font_manager - DEBUG - findfont: score(<Font 'Verdana' (verdanaz.ttf) italic normal bold normal>) = 11.335
2021-07-21 12:51:41,949 - matplotlib.font_manager - DEBUG - findfont: score(<Font 'MingLiU-ExtB' (mingliub.ttc) normal normal 400 normal>) = 10.05
2021-07-21 12:51:41,949 - matplotlib.font_manager - DEBUG - findfont: score(<Font 'Symbol' (symbol.ttf) normal normal 400 normal>) = 10.05
2021-07-21 12:51:41,949 - matplotlib.font_manager - DEBUG - findfont: score(<Font 'Times New Roman' (timesbi.ttf) italic normal roman normal>) = 11.145
2021-07-21 12:51:41,949 - matplotlib.font_manager - DEBUG - findfont: score(<Font 'Microsoft New Tai Lue' (ntailu.ttf) normal normal 400 normal>) = 10.05
2021-07-21 12:51:41,950 - matplotlib.font_manager - DEBUG - findfont: score(<Font 'Consolas' (consolai.ttf) italic normal 400 normal>) = 11.05
2021-07-21 12:51:41,950 - matplotlib.font_manager - DEBUG - findfont: score(<Font 'Georgia' (georgia.ttf) normal normal 400 normal>) = 10.05
2021-07-21 12:51:41,950 - matplotlib.font_manager - DEBUG - findfont: score(<Font 'Calibri' (calibriz.ttf) italic normal bold normal>) = 11.335
2021-07-21 12:51:41,950 - matplotlib.font_manager - DEBUG - findfont: score(<Font 'Yu Gothic' (YuGothM.ttc) normal normal medium normal>) = 10.145
2021-07-21 12:51:41,950 - matplotlib.font_manager - DEBUG - findfont: score(<Font 'Malgun Gothic' (malgun.ttf) normal normal 400 normal>) = 10.05
2021-07-21 12:51:41,950 - matplotlib.font_manager - DEBUG - findfont: score(<Font 'Cambria' (cambriab.ttf) normal normal bold normal>) = 10.335
2021-07-21 12:51:41,950 - matplotlib.font_manager - DEBUG - findfont: score(<Font 'Microsoft Tai Le' (taile.ttf) normal normal 400 normal>) = 10.05
2021-07-21 12:51:41,950 - matplotlib.font_manager - DEBUG - findfont: score(<Font 'Franklin Gothic Medium' (framdit.ttf) italic normal medium normal>) = 11.145
2021-07-21 12:51:41,950 - matplotlib.font_manager - DEBUG - findfont: score(<Font 'Times New Roman' (times.ttf) normal normal roman normal>) = 10.145
2021-07-21 12:51:41,951 - matplotlib.font_manager - DEBUG - findfont: score(<Font 'Lucida Console' (lucon.ttf) normal normal 400 normal>) = 10.05
2021-07-21 12:51:41,951 - matplotlib.font_manager - DEBUG - findfont: score(<Font 'Segoe UI Emoji' (seguiemj.ttf) normal normal 400 normal>) = 10.05
2021-07-21 12:51:41,951 - matplotlib.font_manager - DEBUG - findfont: score(<Font 'Arial' (arialbd.ttf) normal normal bold normal>) = 0.33499999999999996
2021-07-21 12:51:41,951 - matplotlib.font_manager - DEBUG - findfont: score(<Font 'Calibri' (calibri.ttf) normal normal 400 normal>) = 10.05
2021-07-21 12:51:41,951 - matplotlib.font_manager - DEBUG - findfont: score(<Font 'Impact' (impact.ttf) normal normal 400 normal>) = 10.05
2021-07-21 12:51:41,951 - matplotlib.font_manager - DEBUG - findfont: score(<Font 'Corbel' (corbelz.ttf) italic normal bold normal>) = 11.335
2021-07-21 12:51:41,951 - matplotlib.font_manager - DEBUG - findfont: score(<Font 'Microsoft PhagsPa' (phagspa.ttf) normal normal 400 normal>) = 10.05
2021-07-21 12:51:41,951 - matplotlib.font_manager - DEBUG - findfont: score(<Font 'Microsoft Sans Serif' (micross.ttf) normal normal 400 normal>) = 10.05
2021-07-21 12:51:41,952 - matplotlib.font_manager - DEBUG - findfont: score(<Font 'Webdings' (webdings.ttf) normal normal 400 normal>) = 10.05
2021-07-21 12:51:41,952 - matplotlib.font_manager - DEBUG - findfont: score(<Font 'Microsoft Yi Baiti' (msyi.ttf) normal normal 400 normal>) = 10.05
2021-07-21 12:51:41,952 - matplotlib.font_manager - DEBUG - findfont: score(<Font 'Candara' (Candara.ttf) normal normal 400 normal>) = 10.05
2021-07-21 12:51:41,952 - matplotlib.font_manager - DEBUG - findfont: score(<Font 'Segoe UI' (seguisb.ttf) normal normal semibold normal>) = 10.24
2021-07-21 12:51:41,952 - matplotlib.font_manager - DEBUG - findfont: score(<Font 'Segoe Script' (segoescb.ttf) normal normal bold normal>) = 10.335
2021-07-21 12:51:41,952 - matplotlib.font_manager - DEBUG - findfont: score(<Font 'Microsoft YaHei' (msyhl.ttc) normal normal light normal>) = 10.24
2021-07-21 12:51:41,952 - matplotlib.font_manager - DEBUG - findfont: score(<Font 'Corbel' (corbel.ttf) normal normal 400 normal>) = 10.05
2021-07-21 12:51:41,952 - matplotlib.font_manager - DEBUG - findfont: score(<Font 'Mongolian Baiti' (monbaiti.ttf) normal normal 400 normal>) = 10.05
2021-07-21 12:51:41,952 - matplotlib.font_manager - DEBUG - findfont: score(<Font 'Nirmala UI' (NirmalaB.ttf) normal normal bold normal>) = 10.335
2021-07-21 12:51:41,953 - matplotlib.font_manager - DEBUG - findfont: score(<Font 'Segoe UI' (segoeuib.ttf) normal normal bold normal>) = 10.335
2021-07-21 12:51:41,953 - matplotlib.font_manager - DEBUG - findfont: score(<Font 'Constantia' (constani.ttf) italic normal 400 normal>) = 11.05
2021-07-21 12:51:41,953 - matplotlib.font_manager - DEBUG - findfont: score(<Font 'Courier New' (cour.ttf) normal normal 400 normal>) = 10.05
2021-07-21 12:51:41,953 - matplotlib.font_manager - DEBUG - findfont: score(<Font 'Cambria' (cambriaz.ttf) italic normal bold normal>) = 11.335
2021-07-21 12:51:41,953 - matplotlib.font_manager - DEBUG - findfont: score(<Font 'Verdana' (verdana.ttf) normal normal 400 normal>) = 10.05
2021-07-21 12:51:41,953 - matplotlib.font_manager - DEBUG - findfont: score(<Font 'Comic Sans MS' (comicbd.ttf) normal normal bold normal>) = 10.335
2021-07-21 12:51:41,953 - matplotlib.font_manager - DEBUG - findfont: score(<Font 'Consolas' (consolaz.ttf) italic normal bold normal>) = 11.335
2021-07-21 12:51:41,953 - matplotlib.font_manager - DEBUG - findfont: score(<Font 'Candara' (Candaral.ttf) normal normal light normal>) = 10.24
2021-07-21 12:51:41,953 - matplotlib.font_manager - DEBUG - findfont: score(<Font 'Gadugi' (gadugi.ttf) normal normal 400 normal>) = 10.05
2021-07-21 12:51:41,954 - matplotlib.font_manager - DEBUG - findfont: score(<Font 'Comic Sans MS' (comicz.ttf) italic normal bold normal>) = 11.335
2021-07-21 12:51:41,954 - matplotlib.font_manager - DEBUG - findfont: score(<Font 'Microsoft New Tai Lue' (ntailub.ttf) normal normal bold normal>) = 10.335
2021-07-21 12:51:41,954 - matplotlib.font_manager - DEBUG - findfont: score(<Font 'Georgia' (georgiab.ttf) normal normal bold normal>) = 10.335
2021-07-21 12:51:41,954 - matplotlib.font_manager - DEBUG - findfont: score(<Font 'Candara' (Candaraz.ttf) italic normal bold normal>) = 11.335
2021-07-21 12:51:41,954 - matplotlib.font_manager - DEBUG - findfont: score(<Font 'Segoe UI' (seguisbi.ttf) italic normal semibold normal>) = 11.24
2021-07-21 12:51:41,954 - matplotlib.font_manager - DEBUG - findfont: score(<Font 'Candara' (Candarab.ttf) normal normal bold normal>) = 10.335
2021-07-21 12:51:41,954 - matplotlib.font_manager - DEBUG - findfont: score(<Font 'Segoe Print' (segoeprb.ttf) normal normal bold normal>) = 10.335
2021-07-21 12:51:41,954 - matplotlib.font_manager - DEBUG - findfont: score(<Font 'Calibri' (calibrili.ttf) italic normal light normal>) = 11.24
2021-07-21 12:51:41,955 - matplotlib.font_manager - DEBUG - findfont: score(<Font 'Segoe UI' (segoeuisl.ttf) normal normal light normal>) = 10.24
2021-07-21 12:51:41,955 - matplotlib.font_manager - DEBUG - findfont: score(<Font 'Myanmar Text' (mmrtext.ttf) normal normal 400 normal>) = 10.05
2021-07-21 12:51:41,955 - matplotlib.font_manager - DEBUG - findfont: score(<Font 'Segoe UI' (segoeui.ttf) normal normal 400 normal>) = 10.05
2021-07-21 12:51:41,955 - matplotlib.font_manager - DEBUG - findfont: score(<Font 'Cambria' (cambriai.ttf) italic normal 400 normal>) = 11.05
2021-07-21 12:51:41,955 - matplotlib.font_manager - DEBUG - findfont: score(<Font 'Comic Sans MS' (comic.ttf) normal normal 400 normal>) = 10.05
2021-07-21 12:51:41,955 - matplotlib.font_manager - DEBUG - findfont: score(<Font 'Consolas' (consolab.ttf) normal normal bold normal>) = 10.335
2021-07-21 12:51:41,955 - matplotlib.font_manager - DEBUG - findfont: score(<Font 'Arial' (arial.ttf) normal normal 400 normal>) = 0.05
2021-07-21 12:51:41,955 - matplotlib.font_manager - DEBUG - findfont: score(<Font 'Corbel' (corbelli.ttf) italic normal light normal>) = 11.24
2021-07-21 12:51:41,955 - matplotlib.font_manager - DEBUG - findfont: score(<Font 'Microsoft JhengHei' (msjhl.ttc) normal normal light normal>) = 10.24
2021-07-21 12:51:41,956 - matplotlib.font_manager - DEBUG - findfont: score(<Font 'Candara' (Candarali.ttf) italic normal light normal>) = 11.24
2021-07-21 12:51:41,956 - matplotlib.font_manager - DEBUG - findfont: Matching sans\-serif:style=normal:variant=normal:weight=normal:stretch=normal:size=12.0 to Arial ('C:\\WINDOWS\\Fonts\\arial.ttf') with score of 0.050000.
2021-07-21 12:51:42,071 - root - INFO - Plotting bar graph
2021-07-21 12:51:42,111 - root - INFO - An erro has occured
2021-07-21 12:51:42,111 - root - ERROR - The follocing error occured <class 'TypeError'> 
